INFO: Found elm at /usr/local/bin/elm
INFO: Found elm 0.19.1
INFO: Found elm-format at /usr/local/bin/elm-format
INFO: Found elm-format 0.8.3
INFO: Cleaning ./elm-stuff before upgrading
INFO: Converting elm-package.json -> elm.json
INFO: Detected a package project (this project has exposed modules)
WARNING: billstclair/elm-versioned-json has not been upgraded to 0.19 yet!
INFO: Installing latest version of elm-community/list-extra
INFO: Installing latest version of elm-community/string-extra
INFO: Switching from elm-lang/core (deprecated) to elm/core
INFO: Installing latest version of elm/core
INFO: Detected use of elm-lang/core#Json.Decode; installing elm/json
INFO: Detected use of elm-lang/core#Random; installing elm/random
INFO: Detected use of elm-lang/core#Time; installing elm/time
INFO: Switching from elm-lang/html (deprecated) to elm/html
INFO: Installing latest version of elm/html
INFO: Switching from elm-lang/keyboard (deprecated) to elm/browser
INFO: Installing latest version of elm/browser
INFO: Switching from elm-lang/svg (deprecated) to elm/svg
INFO: Installing latest version of elm/svg
INFO: Switching from elm-lang/window (deprecated) to elm/browser
INFO: Installing latest version of elm/browser
WARNING: justinmimbs/elm-date-extra has not been upgraded to 0.19 yet!
WARNING: massung/elm-css has not been upgraded to 0.19 yet!
INFO: Upgrading *.elm files in ./
INFO: Upgrading *.elm files in src/


SUCCESS! Your project's dependencies and code have been upgraded.
However, your project may not yet compile due to API changes in your
dependencies.

See <https://github.com/elm/compiler/blob/master/upgrade-docs/0.19.md>
and the documentation for your dependencies for more information.

WARNING! 3 of your dependencies have not yet been upgraded to
support Elm 0.19.
  - https://github.com/billstclair/elm-versioned-json
  - https://github.com/justinmimbs/elm-date-extra
  - https://github.com/massung/elm-css

Here are some common upgrade steps that you will need to do manually:

- elm/core
  - [ ] Replace uses of toString with String.fromInt, String.fromFloat, or Debug.toString as appropriate
- undefined
  - [ ] Read the new documentation here: https://package.elm-lang.org/packages/elm/time/latest/
  - [ ] Replace uses of Date and Time with Time.Posix
- elm/html
  - [ ] If you used Html.program*, install elm/browser and switch to Browser.element or Browser.document
  - [ ] If you used Html.beginnerProgram, install elm/browser and switch Browser.sandbox
- elm/browser
  - [ ] Change code using Window.* to use Browser.Events.onResize

